<?xml version="1.0" encoding="UTF-8"?>
<testsuite name="com.ingress.rick.RickApplicationTests" tests="1" skipped="0" failures="0" errors="0" timestamp="2019-04-15T21:01:39" hostname="Mustafas-MBP" time="0.162">
  <properties/>
  <testcase name="contextLoads" classname="com.ingress.rick.RickApplicationTests" time="0.162"/>
  <system-out><![CDATA[23:01:37.116 [Test worker] DEBUG org.springframework.test.context.junit4.SpringJUnit4ClassRunner - SpringJUnit4ClassRunner constructor called with [class com.ingress.rick.RickApplicationTests]
23:01:37.123 [Test worker] DEBUG org.springframework.test.context.BootstrapUtils - Instantiating CacheAwareContextLoaderDelegate from class [org.springframework.test.context.cache.DefaultCacheAwareContextLoaderDelegate]
23:01:37.130 [Test worker] DEBUG org.springframework.test.context.BootstrapUtils - Instantiating BootstrapContext using constructor [public org.springframework.test.context.support.DefaultBootstrapContext(java.lang.Class,org.springframework.test.context.CacheAwareContextLoaderDelegate)]
23:01:37.145 [Test worker] DEBUG org.springframework.test.context.BootstrapUtils - Instantiating TestContextBootstrapper for test class [com.ingress.rick.RickApplicationTests] from class [org.springframework.boot.test.context.SpringBootTestContextBootstrapper]
23:01:37.155 [Test worker] INFO org.springframework.boot.test.context.SpringBootTestContextBootstrapper - Neither @ContextConfiguration nor @ContextHierarchy found for test class [com.ingress.rick.RickApplicationTests], using SpringBootContextLoader
23:01:37.157 [Test worker] DEBUG org.springframework.test.context.support.AbstractContextLoader - Did not detect default resource location for test class [com.ingress.rick.RickApplicationTests]: class path resource [com/ingress/rick/RickApplicationTests-context.xml] does not exist
23:01:37.158 [Test worker] DEBUG org.springframework.test.context.support.AbstractContextLoader - Did not detect default resource location for test class [com.ingress.rick.RickApplicationTests]: class path resource [com/ingress/rick/RickApplicationTestsContext.groovy] does not exist
23:01:37.158 [Test worker] INFO org.springframework.test.context.support.AbstractContextLoader - Could not detect default resource locations for test class [com.ingress.rick.RickApplicationTests]: no resource found for suffixes {-context.xml, Context.groovy}.
23:01:37.158 [Test worker] INFO org.springframework.test.context.support.AnnotationConfigContextLoaderUtils - Could not detect default configuration classes for test class [com.ingress.rick.RickApplicationTests]: RickApplicationTests does not declare any static, non-private, non-final, nested classes annotated with @Configuration.
23:01:37.192 [Test worker] DEBUG org.springframework.test.context.support.ActiveProfilesUtils - Could not find an 'annotation declaring class' for annotation type [org.springframework.test.context.ActiveProfiles] and class [com.ingress.rick.RickApplicationTests]
23:01:37.252 [Test worker] DEBUG org.springframework.context.annotation.ClassPathScanningCandidateComponentProvider - Identified candidate component class: file [/Users/mso/Development/personal/training_ground/devops/kubernetes/rick_and_morty/rick/build/classes/java/main/com/ingress/rick/RickApplication.class]
23:01:37.253 [Test worker] INFO org.springframework.boot.test.context.SpringBootTestContextBootstrapper - Found @SpringBootConfiguration com.ingress.rick.RickApplication for test class com.ingress.rick.RickApplicationTests
23:01:37.322 [Test worker] DEBUG org.springframework.boot.test.context.SpringBootTestContextBootstrapper - @TestExecutionListeners is not present for class [com.ingress.rick.RickApplicationTests]: using defaults.
23:01:37.323 [Test worker] INFO org.springframework.boot.test.context.SpringBootTestContextBootstrapper - Loaded default TestExecutionListener class names from location [META-INF/spring.factories]: [org.springframework.boot.test.autoconfigure.restdocs.RestDocsTestExecutionListener, org.springframework.boot.test.autoconfigure.web.client.MockRestServiceServerResetTestExecutionListener, org.springframework.boot.test.autoconfigure.web.servlet.MockMvcPrintOnlyOnFailureTestExecutionListener, org.springframework.boot.test.autoconfigure.web.servlet.WebDriverTestExecutionListener, org.springframework.boot.test.mock.mockito.MockitoTestExecutionListener, org.springframework.boot.test.mock.mockito.ResetMocksTestExecutionListener, org.springframework.test.context.web.ServletTestExecutionListener, org.springframework.test.context.support.DirtiesContextBeforeModesTestExecutionListener, org.springframework.test.context.support.DependencyInjectionTestExecutionListener, org.springframework.test.context.support.DirtiesContextTestExecutionListener, org.springframework.test.context.transaction.TransactionalTestExecutionListener, org.springframework.test.context.jdbc.SqlScriptsTestExecutionListener]
23:01:37.332 [Test worker] DEBUG org.springframework.boot.test.context.SpringBootTestContextBootstrapper - Skipping candidate TestExecutionListener [org.springframework.test.context.transaction.TransactionalTestExecutionListener] due to a missing dependency. Specify custom listener classes or make the default listener classes and their required dependencies available. Offending class: [org/springframework/transaction/interceptor/TransactionAttributeSource]
23:01:37.333 [Test worker] DEBUG org.springframework.boot.test.context.SpringBootTestContextBootstrapper - Skipping candidate TestExecutionListener [org.springframework.test.context.jdbc.SqlScriptsTestExecutionListener] due to a missing dependency. Specify custom listener classes or make the default listener classes and their required dependencies available. Offending class: [org/springframework/transaction/interceptor/TransactionAttribute]
23:01:37.333 [Test worker] INFO org.springframework.boot.test.context.SpringBootTestContextBootstrapper - Using TestExecutionListeners: [org.springframework.test.context.web.ServletTestExecutionListener@5868c8d2, org.springframework.test.context.support.DirtiesContextBeforeModesTestExecutionListener@348d2a7, org.springframework.boot.test.mock.mockito.MockitoTestExecutionListener@310af37, org.springframework.boot.test.autoconfigure.SpringBootDependencyInjectionTestExecutionListener@17a44b6b, org.springframework.test.context.support.DirtiesContextTestExecutionListener@9942f15, org.springframework.boot.test.autoconfigure.restdocs.RestDocsTestExecutionListener@4c0c096a, org.springframework.boot.test.autoconfigure.web.client.MockRestServiceServerResetTestExecutionListener@4ae36ecb, org.springframework.boot.test.autoconfigure.web.servlet.MockMvcPrintOnlyOnFailureTestExecutionListener@7fa98bef, org.springframework.boot.test.autoconfigure.web.servlet.WebDriverTestExecutionListener@576dff88, org.springframework.boot.test.mock.mockito.ResetMocksTestExecutionListener@7b86fb56]
23:01:37.335 [Test worker] DEBUG org.springframework.test.annotation.ProfileValueUtils - Retrieved @ProfileValueSourceConfiguration [null] for test class [com.ingress.rick.RickApplicationTests]
23:01:37.335 [Test worker] DEBUG org.springframework.test.annotation.ProfileValueUtils - Retrieved ProfileValueSource type [class org.springframework.test.annotation.SystemProfileValueSource] for class [com.ingress.rick.RickApplicationTests]
23:01:37.336 [Test worker] DEBUG org.springframework.test.annotation.ProfileValueUtils - Retrieved @ProfileValueSourceConfiguration [null] for test class [com.ingress.rick.RickApplicationTests]
23:01:37.336 [Test worker] DEBUG org.springframework.test.annotation.ProfileValueUtils - Retrieved ProfileValueSource type [class org.springframework.test.annotation.SystemProfileValueSource] for class [com.ingress.rick.RickApplicationTests]
23:01:37.340 [Test worker] DEBUG org.springframework.test.context.support.AbstractDirtiesContextTestExecutionListener - Before test class: context [DefaultTestContext@12bf8015 testClass = RickApplicationTests, testInstance = [null], testMethod = [null], testException = [null], mergedContextConfiguration = [WebMergedContextConfiguration@63274b39 testClass = RickApplicationTests, locations = '{}', classes = '{class com.ingress.rick.RickApplication}', contextInitializerClasses = '[]', activeProfiles = '{}', propertySourceLocations = '{}', propertySourceProperties = '{org.springframework.boot.test.context.SpringBootTestContextBootstrapper=true}', contextCustomizers = set[org.springframework.boot.test.autoconfigure.properties.PropertyMappingContextCustomizer@0, org.springframework.boot.test.autoconfigure.web.servlet.WebDriverContextCustomizerFactory$Customizer@551ee2db, org.springframework.boot.test.context.filter.ExcludeFilterContextCustomizer@6dde8afe, org.springframework.boot.test.json.DuplicateJsonObjectContextCustomizerFactory$DuplicateJsonObjectContextCustomizer@277306a9, org.springframework.boot.test.mock.mockito.MockitoContextCustomizer@0, org.springframework.boot.test.web.client.TestRestTemplateContextCustomizer@686c995b], resourceBasePath = 'src/main/webapp', contextLoader = 'org.springframework.boot.test.context.SpringBootContextLoader', parent = [null]], attributes = map['org.springframework.test.context.web.ServletTestExecutionListener.activateListener' -> true]], class annotated with @DirtiesContext [false] with mode [null].
23:01:37.340 [Test worker] DEBUG org.springframework.test.annotation.ProfileValueUtils - Retrieved @ProfileValueSourceConfiguration [null] for test class [com.ingress.rick.RickApplicationTests]
23:01:37.340 [Test worker] DEBUG org.springframework.test.annotation.ProfileValueUtils - Retrieved ProfileValueSource type [class org.springframework.test.annotation.SystemProfileValueSource] for class [com.ingress.rick.RickApplicationTests]
23:01:37.354 [Test worker] DEBUG org.springframework.test.context.support.TestPropertySourceUtils - Adding inlined properties to environment: {spring.jmx.enabled=false, org.springframework.boot.test.context.SpringBootTestContextBootstrapper=true, server.port=-1}

  .   ____          _            __ _ _
 /\\ / ___'_ __ _ _(_)_ __  __ _ \ \ \ \
( ( )\___ | '_ | '_| | '_ \/ _` | \ \ \ \
 \\/  ___)| |_)| | | | | || (_| |  ) ) ) )
  '  |____| .__|_| |_|_| |_\__, | / / / /
 =========|_|==============|___/=/_/_/_/
 :: Spring Boot ::        (v2.1.4.RELEASE)

2019-04-15 23:01:37.537  INFO 33646 --- [    Test worker] com.ingress.rick.RickApplicationTests    : Starting RickApplicationTests on Mustafas-MBP with PID 33646 (started by mso in /Users/mso/Development/personal/training_ground/devops/kubernetes/rick_and_morty/rick)
2019-04-15 23:01:37.538  INFO 33646 --- [    Test worker] com.ingress.rick.RickApplicationTests    : No active profile set, falling back to default profiles: default
2019-04-15 23:01:38.920  INFO 33646 --- [    Test worker] o.s.s.concurrent.ThreadPoolTaskExecutor  : Initializing ExecutorService 'applicationTaskExecutor'
2019-04-15 23:01:39.502  INFO 33646 --- [    Test worker] o.s.b.a.e.web.EndpointLinksResolver      : Exposing 2 endpoint(s) beneath base path '/actuator'
2019-04-15 23:01:39.558  INFO 33646 --- [    Test worker] com.ingress.rick.RickApplicationTests    : Started RickApplicationTests in 2.195 seconds (JVM running for 2.891)
]]></system-out>
  <system-err><![CDATA[]]></system-err>
</testsuite>
